2025-08-20 20:32:35.761 [info] Reading sessions from keychain...
2025-08-20 20:32:35.761 [info] Getting sessions for all scopes...
2025-08-20 20:32:37.378 [info] Got stored sessions!
2025-08-20 20:32:37.378 [info] Got 1 verified sessions.
2025-08-20 20:32:37.378 [info] Got 1 sessions for ...
2025-08-20 20:32:37.379 [info] Getting sessions for all scopes...
2025-08-20 20:32:37.379 [info] Got 1 sessions for ...
2025-08-20 20:32:37.379 [info] Getting sessions for all scopes...
2025-08-20 20:32:37.379 [info] Got 1 sessions for ...
2025-08-20 20:32:37.379 [info] Getting sessions for all scopes...
2025-08-20 20:32:37.379 [info] Got 1 sessions for ...
2025-08-20 20:32:37.379 [info] Getting sessions for all scopes...
2025-08-20 20:32:37.379 [info] Got 1 sessions for ...
2025-08-20 20:32:37.380 [info] Getting sessions for all scopes...
2025-08-20 20:32:37.380 [info] Got 1 sessions for ...
2025-08-20 20:32:37.380 [info] Getting sessions for all scopes...
2025-08-20 20:32:37.380 [info] Got 1 sessions for ...
2025-08-20 20:32:40.895 [info] Getting sessions for all scopes...
2025-08-20 20:32:40.895 [info] Got 1 sessions for ...
2025-08-20 20:32:40.905 [info] Getting sessions for all scopes...
2025-08-20 20:32:40.905 [info] Got 1 sessions for ...
2025-08-20 20:32:40.943 [info] Getting sessions for all scopes...
2025-08-20 20:32:40.944 [info] Got 1 sessions for ...
2025-08-20 20:32:40.992 [info] Getting sessions for all scopes...
2025-08-20 20:32:40.992 [info] Got 1 sessions for ...
2025-08-20 20:32:40.999 [info] Getting sessions for all scopes...
2025-08-20 20:32:40.999 [info] Got 1 sessions for ...
2025-08-20 20:32:40.999 [info] Getting sessions for all scopes...
2025-08-20 20:32:40.999 [info] Got 1 sessions for ...
2025-08-20 20:32:52.860 [info] Getting sessions for all scopes...
2025-08-20 20:32:52.860 [info] Got 1 sessions for ...
2025-08-20 20:32:57.135 [info] Getting sessions for all scopes...
2025-08-20 20:32:57.135 [info] Got 1 sessions for ...
2025-08-20 20:32:58.907 [info] Getting sessions for all scopes...
2025-08-20 20:32:58.908 [info] Got 1 sessions for ...
2025-08-20 20:32:58.957 [info] Getting sessions for all scopes...
2025-08-20 20:32:58.957 [info] Got 1 sessions for ...
2025-08-20 20:32:58.974 [info] Getting sessions for all scopes...
2025-08-20 20:32:58.974 [info] Got 1 sessions for ...
