2025-08-18 20:35:49.123 [info] Reading sessions from keychain...
2025-08-18 20:35:49.123 [info] Getting sessions for all scopes...
2025-08-18 20:35:49.123 [info] Got stored sessions!
2025-08-18 20:35:49.123 [info] Got 1 verified sessions.
2025-08-18 20:35:49.123 [info] Got 1 sessions for ...
2025-08-18 20:35:49.123 [info] Getting sessions for all scopes...
2025-08-18 20:35:49.123 [info] Got 1 sessions for ...
2025-08-18 20:35:49.123 [info] Getting sessions for all scopes...
2025-08-18 20:35:49.123 [info] Got 1 sessions for ...
2025-08-18 20:35:49.123 [info] Getting sessions for all scopes...
2025-08-18 20:35:49.123 [info] Got 1 sessions for ...
2025-08-18 20:35:49.123 [info] Getting sessions for all scopes...
2025-08-18 20:35:49.123 [info] Got 1 sessions for ...
2025-08-18 20:35:49.123 [info] Getting sessions for all scopes...
2025-08-18 20:35:49.123 [info] Got 1 sessions for ...
2025-08-18 20:35:49.123 [info] Getting sessions for all scopes...
2025-08-18 20:35:49.123 [info] Got 1 sessions for ...
2025-08-18 20:35:56.702 [info] Getting sessions for all scopes...
2025-08-18 20:35:56.702 [info] Got 1 sessions for ...
2025-08-18 20:35:56.702 [info] Getting sessions for all scopes...
2025-08-18 20:35:56.702 [info] Got 1 sessions for ...
2025-08-18 20:35:56.703 [info] Getting sessions for all scopes...
2025-08-18 20:35:56.703 [info] Got 1 sessions for ...
2025-08-18 20:35:56.703 [info] Getting sessions for all scopes...
2025-08-18 20:35:56.703 [info] Got 1 sessions for ...
2025-08-18 20:35:56.713 [info] Getting sessions for all scopes...
2025-08-18 20:35:56.713 [info] Got 1 sessions for ...
2025-08-18 20:35:56.713 [info] Getting sessions for all scopes...
2025-08-18 20:35:56.713 [info] Got 1 sessions for ...
2025-08-18 20:36:12.404 [info] Getting sessions for all scopes...
2025-08-18 20:36:12.418 [info] Got 1 sessions for ...
2025-08-18 20:36:20.136 [info] Getting sessions for all scopes...
2025-08-18 20:36:20.136 [info] Got 1 sessions for ...
2025-08-18 20:36:22.138 [info] Getting sessions for all scopes...
2025-08-18 20:36:22.139 [info] Got 1 sessions for ...
2025-08-18 20:36:22.155 [info] Getting sessions for all scopes...
2025-08-18 20:36:22.155 [info] Got 1 sessions for ...
2025-08-18 20:36:22.187 [info] Getting sessions for all scopes...
2025-08-18 20:36:22.187 [info] Got 1 sessions for ...
