2025-08-30 22:01:07.457 [info] Reading sessions from keychain...
2025-08-30 22:01:07.457 [info] Getting sessions for all scopes...
2025-08-30 22:01:07.541 [error] Getting token failed: Canceled: Canceled
2025-08-30 22:01:14.515 [info] Reading sessions from keychain...
2025-08-30 22:01:14.515 [info] Getting sessions for all scopes...
2025-08-30 22:01:14.755 [info] Got stored sessions!
2025-08-30 22:01:14.755 [info] Got 1 verified sessions.
2025-08-30 22:01:14.755 [info] Got 1 sessions for ...
2025-08-30 22:01:14.756 [info] Getting sessions for all scopes...
2025-08-30 22:01:14.756 [info] Got 1 sessions for ...
2025-08-30 22:01:14.756 [info] Getting sessions for all scopes...
2025-08-30 22:01:14.756 [info] Got 1 sessions for ...
2025-08-30 22:01:14.760 [info] Getting sessions for all scopes...
2025-08-30 22:01:14.760 [info] Got 1 sessions for ...
2025-08-30 22:01:14.761 [info] Getting sessions for all scopes...
2025-08-30 22:01:14.761 [info] Got 1 sessions for ...
2025-08-30 22:01:14.761 [info] Getting sessions for all scopes...
2025-08-30 22:01:14.761 [info] Got 1 sessions for ...
2025-08-30 22:01:14.761 [info] Getting sessions for all scopes...
2025-08-30 22:01:14.761 [info] Got 1 sessions for ...
2025-08-30 22:01:14.762 [info] Getting sessions for all scopes...
2025-08-30 22:01:14.762 [info] Got 1 sessions for ...
2025-08-30 22:01:14.762 [info] Getting sessions for all scopes...
2025-08-30 22:01:14.762 [info] Got 1 sessions for ...
2025-08-30 22:01:14.806 [info] Getting sessions for all scopes...
2025-08-30 22:01:14.807 [info] Got 1 sessions for ...
2025-08-30 22:01:14.808 [info] Getting sessions for all scopes...
2025-08-30 22:01:14.808 [info] Got 1 sessions for ...
2025-08-30 22:01:14.810 [info] Getting sessions for all scopes...
2025-08-30 22:01:14.810 [info] Got 1 sessions for ...
2025-08-30 22:01:14.811 [info] Getting sessions for all scopes...
2025-08-30 22:01:14.811 [info] Got 1 sessions for ...
2025-08-30 22:01:14.811 [info] Getting sessions for all scopes...
2025-08-30 22:01:14.811 [info] Got 1 sessions for ...
2025-08-30 22:01:14.812 [info] Getting sessions for all scopes...
2025-08-30 22:01:14.812 [info] Got 1 sessions for ...
2025-08-30 22:01:16.645 [info] Getting sessions for all scopes...
2025-08-30 22:01:16.645 [info] Got 1 sessions for ...
2025-08-30 22:01:17.737 [info] Getting sessions for all scopes...
2025-08-30 22:01:17.737 [info] Got 1 sessions for ...
2025-08-30 22:01:17.738 [info] Getting sessions for all scopes...
2025-08-30 22:01:17.738 [info] Got 1 sessions for ...
2025-08-30 22:01:17.748 [info] Getting sessions for all scopes...
2025-08-30 22:01:17.748 [info] Got 1 sessions for ...
2025-08-30 22:01:24.025 [info] Getting sessions for read:user,repo,user:email,workflow...
2025-08-30 22:01:24.026 [info] Got 1 sessions for read:user,repo,user:email,workflow...
