2025-08-16 16:25:19.517 [info] Reading sessions from keychain...
2025-08-16 16:25:19.591 [info] Getting sessions for all scopes...
2025-08-16 16:25:20.954 [info] Got 0 sessions for ...
2025-08-16 16:25:20.955 [info] Getting sessions for all scopes...
2025-08-16 16:25:20.955 [info] Got 0 sessions for ...
2025-08-16 16:25:20.956 [info] Getting sessions for all scopes...
2025-08-16 16:25:20.956 [info] Got 0 sessions for ...
2025-08-16 16:25:20.957 [info] Getting sessions for all scopes...
2025-08-16 16:25:20.957 [info] Got 0 sessions for ...
2025-08-16 16:25:20.957 [info] Getting sessions for all scopes...
2025-08-16 16:25:20.957 [info] Got 0 sessions for ...
2025-08-16 16:25:20.958 [info] Getting sessions for all scopes...
2025-08-16 16:25:20.958 [info] Got 0 sessions for ...
2025-08-16 16:25:20.958 [info] Getting sessions for all scopes...
2025-08-16 16:25:20.958 [info] Got 0 sessions for ...
2025-08-16 16:25:20.958 [info] Getting sessions for all scopes...
2025-08-16 16:25:20.958 [info] Got 0 sessions for ...
2025-08-16 16:25:20.958 [info] Getting sessions for all scopes...
2025-08-16 16:25:20.958 [info] Got 0 sessions for ...
2025-08-16 16:25:21.534 [info] Getting sessions for all scopes...
2025-08-16 16:25:21.534 [info] Got 0 sessions for ...
2025-08-16 16:25:21.540 [info] Getting sessions for all scopes...
2025-08-16 16:25:21.540 [info] Got 0 sessions for ...
2025-08-16 16:25:21.540 [info] Getting sessions for all scopes...
2025-08-16 16:25:21.541 [info] Got 0 sessions for ...
2025-08-16 16:25:21.541 [info] Getting sessions for all scopes...
2025-08-16 16:25:21.541 [info] Got 0 sessions for ...
2025-08-16 16:25:21.541 [info] Getting sessions for all scopes...
2025-08-16 16:25:21.541 [info] Got 0 sessions for ...
2025-08-16 16:25:21.542 [info] Getting sessions for all scopes...
2025-08-16 16:25:21.542 [info] Got 0 sessions for ...
2025-08-16 16:25:22.742 [info] Getting sessions for all scopes...
2025-08-16 16:25:22.742 [info] Got 0 sessions for ...
2025-08-16 16:25:22.743 [info] Getting sessions for all scopes...
2025-08-16 16:25:22.743 [info] Got 0 sessions for ...
2025-08-16 16:25:22.766 [info] Getting sessions for all scopes...
2025-08-16 16:25:22.766 [info] Got 0 sessions for ...
2025-08-16 16:26:39.359 [info] Getting sessions for read:user,repo,user:email,workflow...
2025-08-16 16:26:39.360 [info] Got 0 sessions for read:user,repo,user:email,workflow...
2025-08-16 16:26:41.058 [info] Logging in with 'any' account...
2025-08-16 16:26:41.059 [info] Logging in for the following scopes: read:user repo user:email workflow
2025-08-16 16:26:41.249 [info] Trying with local server... (read:user repo user:email workflow)
2025-08-16 16:26:58.015 [info] Exchanging code for token...
2025-08-16 16:26:58.811 [info] Token exchange success!
2025-08-16 16:26:58.819 [info] Getting user info...
2025-08-16 16:26:59.296 [info] Got account info!
2025-08-16 16:26:59.298 [info] Storing 1 sessions...
2025-08-16 16:27:23.286 [info] Reading sessions from keychain...
2025-08-16 16:27:23.287 [info] Stored 1 sessions!
2025-08-16 16:27:23.287 [info] Login success!
2025-08-16 16:27:23.388 [info] Getting sessions for all scopes...
2025-08-16 16:27:23.400 [info] Got stored sessions!
2025-08-16 16:27:23.400 [info] Got 1 verified sessions.
2025-08-16 16:27:23.400 [info] Got 1 sessions for ...
2025-08-16 16:27:23.402 [info] Getting sessions for all scopes...
2025-08-16 16:27:23.402 [info] Got 1 sessions for ...
2025-08-16 16:27:23.402 [info] Getting sessions for all scopes...
2025-08-16 16:27:23.403 [info] Got 1 sessions for ...
2025-08-16 16:27:23.403 [info] Getting sessions for all scopes...
2025-08-16 16:27:23.403 [info] Got 1 sessions for ...
2025-08-16 16:27:23.412 [info] Getting sessions for all scopes...
2025-08-16 16:27:23.412 [info] Got 1 sessions for ...
2025-08-16 16:27:23.413 [info] Getting sessions for all scopes...
2025-08-16 16:27:23.413 [info] Got 1 sessions for ...
2025-08-16 17:05:24.258 [info] Getting sessions for read:user,repo,user:email,workflow...
2025-08-16 17:05:24.260 [info] Got 1 sessions for read:user,repo,user:email,workflow...
2025-08-16 17:21:14.294 [info] Getting sessions for read:user,repo,user:email,workflow...
2025-08-16 17:21:14.295 [info] Got 1 sessions for read:user,repo,user:email,workflow...
