2025-08-30 22:01:18.938 [info] [main] Log level: Info
2025-08-30 22:01:18.938 [info] [main] Validating found git in: "git"
2025-08-30 22:01:18.938 [info] [main] Using git "2.39.5" from "git"
2025-08-30 22:01:18.938 [info] [Model][doInitialScan] Initial repository scan started
2025-08-30 22:01:18.938 [info] > git rev-parse --show-toplevel [15ms]
2025-08-30 22:01:18.938 [info] [Model][doInitialScan] Initial repository scan completed - repositories (0), closed repositories (0), parent repositories (1), unsafe repositories (0)
2025-08-30 22:01:23.357 [info] > git rev-parse --show-toplevel [22ms]
2025-08-30 22:01:23.386 [info] > git rev-parse --git-dir --git-common-dir --show-superproject-working-tree [11ms]
2025-08-30 22:01:23.422 [info] [Model][openRepository] Opened repository (path): /home/carlosjosuegarciaalvarado2006
2025-08-30 22:01:23.422 [info] [Model][openRepository] Opened repository (real path): /home/carlosjosuegarciaalvarado2006
2025-08-30 22:01:23.422 [info] [Model][openRepository] Opened repository (kind): repository
2025-08-30 22:01:23.451 [info] > git config --get commit.template [9ms]
2025-08-30 22:01:23.491 [info] > git for-each-ref --format=%(refname)%00%(upstream:short)%00%(objectname)%00%(upstream:track)%00%(upstream:remotename)%00%(upstream:remoteref) refs/heads/main refs/remotes/main [25ms]
2025-08-30 22:01:23.640 [info] > git status -z -uall [134ms]
2025-08-30 22:01:23.640 [info] > git for-each-ref --sort -committerdate --format %(refname)%00%(objectname)%00%(*objectname) [95ms]
2025-08-30 22:01:23.750 [info] > git for-each-ref --format=%(refname)%00%(upstream:short)%00%(objectname)%00%(upstream:track)%00%(upstream:remotename)%00%(upstream:remoteref) refs/heads/main refs/remotes/main [33ms]
2025-08-30 22:01:24.005 [info] > git config --get --local branch.main.vscode-merge-base [236ms]
2025-08-30 22:01:24.005 [warning] [Git][config] git config failed: Failed to execute git
2025-08-30 22:01:24.019 [info] > git config --get commit.template [272ms]
2025-08-30 22:01:24.028 [info] > git reflog main --grep-reflog=branch: Created from *. [13ms]
2025-08-30 22:01:24.056 [info] > git symbolic-ref --short refs/remotes/origin/HEAD [16ms]
2025-08-30 22:01:24.056 [info] fatal: ref refs/remotes/origin/HEAD is not a symbolic ref
2025-08-30 22:01:24.057 [warning] [Repository][getDefaultBranch] Failed to get default branch details: Failed to execute git.
2025-08-30 22:01:24.086 [info] > git merge-base refs/heads/main refs/remotes/origin/main [16ms]
2025-08-30 22:01:24.107 [info] > git for-each-ref --format=%(refname)%00%(upstream:short)%00%(objectname)%00%(upstream:track)%00%(upstream:remotename)%00%(upstream:remoteref) refs/heads/main refs/remotes/main [53ms]
2025-08-30 22:01:24.140 [info] > git diff --name-status -z --diff-filter=ADMR 5dddb782da7cbcbdcf78e5dc792f7ec3c29fafcc...refs/remotes/origin/main [32ms]
2025-08-30 22:01:24.273 [info] > git status -z -uall [110ms]
2025-08-30 22:01:24.287 [info] > git for-each-ref --sort -committerdate --format %(refname)%00%(objectname)%00%(*objectname) [91ms]
2025-08-30 22:01:26.318 [info] > git log --format=%H%n%aN%n%aE%n%at%n%ct%n%P%n%D%n%B -z --shortstat --diff-merges=first-parent -n50 --skip=0 --topo-order --decorate=full --stdin [199ms]
2025-08-30 22:01:26.906 [info] > git config --get commit.template [127ms]
2025-08-30 22:01:26.913 [info] > git for-each-ref --format=%(refname)%00%(upstream:short)%00%(objectname)%00%(upstream:track)%00%(upstream:remotename)%00%(upstream:remoteref) refs/heads/main refs/remotes/main [8ms]
2025-08-30 22:01:26.963 [info] > git for-each-ref --sort -committerdate --format %(refname)%00%(objectname)%00%(*objectname) [9ms]
2025-08-30 22:01:27.006 [info] > git check-ignore -v -z --stdin [7ms]
2025-08-30 22:01:27.032 [info] > git status -z -uall [95ms]
2025-08-30 22:01:29.565 [info] > git show --textconv HEAD:.cache/fontconfig/3ab82533d88d632fa6bf4e31f360fb63-le64.cache-8 [96ms]
2025-08-30 22:01:29.565 [info] > git show --textconv :.cache/fontconfig/3ab82533d88d632fa6bf4e31f360fb63-le64.cache-8 [68ms]
2025-08-30 22:01:29.566 [info] > git ls-tree -l HEAD -- .cache/fontconfig/3ab82533d88d632fa6bf4e31f360fb63-le64.cache-8 [44ms]
2025-08-30 22:01:29.581 [info] > git ls-files --stage -- .cache/fontconfig/3ab82533d88d632fa6bf4e31f360fb63-le64.cache-8 [24ms]
2025-08-30 22:01:29.641 [info] > git cat-file -s 066ef3df3033c4c03335447f6a52f1765bc66909 [43ms]
2025-08-30 22:01:29.656 [info] > git ls-tree -l HEAD -- .cache/fontconfig/3ab82533d88d632fa6bf4e31f360fb63-le64.cache-8 [20ms]
2025-08-30 22:01:29.694 [info] > git ls-files --stage -- .cache/fontconfig/3ab82533d88d632fa6bf4e31f360fb63-le64.cache-8 [7ms]
2025-08-30 22:01:29.711 [info] > git cat-file -s 066ef3df3033c4c03335447f6a52f1765bc66909 [4ms]
2025-08-30 22:01:29.831 [info] > git ls-tree -l HEAD -- .cache/fontconfig/3ab82533d88d632fa6bf4e31f360fb63-le64.cache-8 [26ms]
2025-08-30 22:01:29.838 [info] > git ls-files --stage -- .cache/fontconfig/3ab82533d88d632fa6bf4e31f360fb63-le64.cache-8 [11ms]
2025-08-30 22:01:29.860 [info] > git cat-file -s 066ef3df3033c4c03335447f6a52f1765bc66909 [6ms]
2025-08-30 22:01:30.101 [info] > git check-ignore -v -z --stdin [6ms]
2025-08-30 22:01:30.549 [info] > git show --textconv HEAD:guia 2.js [56ms]
2025-08-30 22:01:30.549 [info] > git show --textconv :guia 2.js [34ms]
2025-08-30 22:01:30.549 [info] > git ls-tree -l HEAD -- guia 2.js [14ms]
2025-08-30 22:01:30.558 [info] > git ls-files --stage -- guia 2.js [11ms]
2025-08-30 22:01:30.570 [info] > git cat-file -s 718e26abe0bd7e6a1bbc15a1d3556d7a16f4e4db [3ms]
2025-08-30 22:01:31.239 [info] > git check-ignore -v -z --stdin [28ms]
2025-08-30 22:01:32.082 [info] > git config --get commit.template [2ms]
2025-08-30 22:01:32.098 [info] > git for-each-ref --format=%(refname)%00%(upstream:short)%00%(objectname)%00%(upstream:track)%00%(upstream:remotename)%00%(upstream:remoteref) refs/heads/main refs/remotes/main [6ms]
2025-08-30 22:01:32.162 [info] > git for-each-ref --sort -committerdate --format %(refname)%00%(objectname)%00%(*objectname) [27ms]
2025-08-30 22:01:32.190 [info] > git status -z -uall [81ms]
2025-08-30 22:01:37.260 [info] > git config --get commit.template [32ms]
2025-08-30 22:01:37.267 [info] > git for-each-ref --format=%(refname)%00%(upstream:short)%00%(objectname)%00%(upstream:track)%00%(upstream:remotename)%00%(upstream:remoteref) refs/heads/main refs/remotes/main [10ms]
2025-08-30 22:01:37.314 [info] > git for-each-ref --sort -committerdate --format %(refname)%00%(objectname)%00%(*objectname) [5ms]
2025-08-30 22:01:37.363 [info] > git status -z -uall [72ms]
2025-08-30 22:01:39.738 [info] > git blame --root --incremental 5dddb782da7cbcbdcf78e5dc792f7ec3c29fafcc -- guia 2.js [30ms]
2025-08-30 22:01:45.532 [info] > git config --get commit.template [17ms]
2025-08-30 22:01:45.538 [info] > git for-each-ref --format=%(refname)%00%(upstream:short)%00%(objectname)%00%(upstream:track)%00%(upstream:remotename)%00%(upstream:remoteref) refs/heads/main refs/remotes/main [8ms]
2025-08-30 22:01:45.575 [info] > git for-each-ref --sort -committerdate --format %(refname)%00%(objectname)%00%(*objectname) [12ms]
2025-08-30 22:01:45.619 [info] > git status -z -uall [67ms]
2025-08-30 22:01:50.661 [info] > git config --get commit.template [11ms]
2025-08-30 22:01:50.663 [info] > git for-each-ref --format=%(refname)%00%(upstream:short)%00%(objectname)%00%(upstream:track)%00%(upstream:remotename)%00%(upstream:remoteref) refs/heads/main refs/remotes/main [4ms]
2025-08-30 22:01:50.690 [info] > git for-each-ref --sort -committerdate --format %(refname)%00%(objectname)%00%(*objectname) [4ms]
2025-08-30 22:01:50.735 [info] > git status -z -uall [62ms]
2025-08-30 22:01:55.783 [info] > git config --get commit.template [3ms]
2025-08-30 22:01:55.796 [info] > git for-each-ref --format=%(refname)%00%(upstream:short)%00%(objectname)%00%(upstream:track)%00%(upstream:remotename)%00%(upstream:remoteref) refs/heads/main refs/remotes/main [3ms]
2025-08-30 22:01:55.822 [info] > git for-each-ref --sort -committerdate --format %(refname)%00%(objectname)%00%(*objectname) [6ms]
2025-08-30 22:01:55.868 [info] > git status -z -uall [63ms]
2025-08-30 22:02:00.954 [info] > git config --get commit.template [27ms]
2025-08-30 22:02:01.057 [info] > git for-each-ref --format=%(refname)%00%(upstream:short)%00%(objectname)%00%(upstream:track)%00%(upstream:remotename)%00%(upstream:remoteref) refs/heads/main refs/remotes/main [24ms]
2025-08-30 22:02:01.178 [info] > git for-each-ref --sort -committerdate --format %(refname)%00%(objectname)%00%(*objectname) [28ms]
2025-08-30 22:02:01.303 [info] > git status -z -uall [200ms]
2025-08-30 22:02:06.417 [info] > git config --get commit.template [25ms]
2025-08-30 22:02:06.426 [info] > git for-each-ref --format=%(refname)%00%(upstream:short)%00%(objectname)%00%(upstream:track)%00%(upstream:remotename)%00%(upstream:remoteref) refs/heads/main refs/remotes/main [13ms]
2025-08-30 22:02:06.484 [info] > git for-each-ref --sort -committerdate --format %(refname)%00%(objectname)%00%(*objectname) [12ms]
2025-08-30 22:02:06.536 [info] > git status -z -uall [84ms]
2025-08-30 22:02:11.606 [info] > git config --get commit.template [24ms]
2025-08-30 22:02:11.613 [info] > git for-each-ref --format=%(refname)%00%(upstream:short)%00%(objectname)%00%(upstream:track)%00%(upstream:remotename)%00%(upstream:remoteref) refs/heads/main refs/remotes/main [11ms]
2025-08-30 22:02:11.668 [info] > git for-each-ref --sort -committerdate --format %(refname)%00%(objectname)%00%(*objectname) [11ms]
2025-08-30 22:02:11.697 [info] > git status -z -uall [64ms]
2025-08-30 22:02:27.259 [info] > git check-ignore -v -z --stdin [60ms]
2025-08-30 22:02:27.788 [info] > git config --get commit.template [43ms]
2025-08-30 22:02:27.791 [info] > git for-each-ref --format=%(refname)%00%(upstream:short)%00%(objectname)%00%(upstream:track)%00%(upstream:remotename)%00%(upstream:remoteref) refs/heads/main refs/remotes/main [13ms]
2025-08-30 22:02:27.909 [info] > git for-each-ref --sort -committerdate --format %(refname)%00%(objectname)%00%(*objectname) [20ms]
2025-08-30 22:02:27.965 [info] > git status -z -uall [131ms]
2025-08-30 22:02:53.225 [info] > git config --get commit.template [83ms]
2025-08-30 22:02:53.260 [info] > git for-each-ref --format=%(refname)%00%(upstream:short)%00%(objectname)%00%(upstream:track)%00%(upstream:remotename)%00%(upstream:remoteref) refs/heads/main refs/remotes/main [39ms]
2025-08-30 22:02:53.412 [info] > git for-each-ref --sort -committerdate --format %(refname)%00%(objectname)%00%(*objectname) [11ms]
2025-08-30 22:02:53.473 [info] > git status -z -uall [111ms]
2025-08-30 22:02:58.512 [info] > git config --get commit.template [4ms]
2025-08-30 22:02:58.532 [info] > git for-each-ref --format=%(refname)%00%(upstream:short)%00%(objectname)%00%(upstream:track)%00%(upstream:remotename)%00%(upstream:remoteref) refs/heads/main refs/remotes/main [5ms]
2025-08-30 22:02:58.607 [info] > git status -z -uall [50ms]
2025-08-30 22:02:58.608 [info] > git for-each-ref --sort -committerdate --format %(refname)%00%(objectname)%00%(*objectname) [19ms]
2025-08-30 22:03:03.670 [info] > git config --get commit.template [12ms]
2025-08-30 22:03:03.671 [info] > git for-each-ref --format=%(refname)%00%(upstream:short)%00%(objectname)%00%(upstream:track)%00%(upstream:remotename)%00%(upstream:remoteref) refs/heads/main refs/remotes/main [3ms]
2025-08-30 22:03:03.695 [info] > git for-each-ref --sort -committerdate --format %(refname)%00%(objectname)%00%(*objectname) [4ms]
2025-08-30 22:03:03.719 [info] > git status -z -uall [39ms]
2025-08-30 22:03:08.764 [info] > git config --get commit.template [12ms]
2025-08-30 22:03:08.768 [info] > git for-each-ref --format=%(refname)%00%(upstream:short)%00%(objectname)%00%(upstream:track)%00%(upstream:remotename)%00%(upstream:remoteref) refs/heads/main refs/remotes/main [5ms]
2025-08-30 22:03:08.792 [info] > git for-each-ref --sort -committerdate --format %(refname)%00%(objectname)%00%(*objectname) [4ms]
2025-08-30 22:03:08.817 [info] > git status -z -uall [40ms]
2025-08-30 22:03:09.306 [info] > git show --textconv :Trabajo.js/guIa.js [68ms]
2025-08-30 22:03:09.307 [info] > git ls-files --stage -- Trabajo.js/guIa.js [2ms]
2025-08-30 22:03:09.365 [info] > git hash-object -t tree /dev/null [29ms]
2025-08-30 22:03:09.367 [warning] [GitFileSystemProvider][stat] File not found - git:/home/carlosjosuegarciaalvarado2006/Trabajo.js/guIa.js.git?%7B%22path%22%3A%22%2Fhome%2Fcarlosjosuegarciaalvarado2006%2FTrabajo.js%2FguIa.js%22%2C%22ref%22%3A%22%22%7D
2025-08-30 22:03:09.372 [info] > git hash-object -t tree /dev/null [8ms]
2025-08-30 22:03:09.372 [warning] [GitFileSystemProvider][readFile] File not found - git:/home/carlosjosuegarciaalvarado2006/Trabajo.js/guIa.js.git?%7B%22path%22%3A%22%2Fhome%2Fcarlosjosuegarciaalvarado2006%2FTrabajo.js%2FguIa.js%22%2C%22ref%22%3A%22%22%7D
2025-08-30 22:03:09.415 [info] > git blame --root --incremental 5dddb782da7cbcbdcf78e5dc792f7ec3c29fafcc -- Trabajo.js/guIa.js [5ms]
2025-08-30 22:03:09.415 [info] fatal: no such path Trabajo.js/guIa.js in 5dddb782da7cbcbdcf78e5dc792f7ec3c29fafcc
2025-08-30 22:03:37.336 [info] > git for-each-ref --format=%(refname)%00%(upstream:short)%00%(objectname)%00%(upstream:track)%00%(upstream:remotename)%00%(upstream:remoteref) refs/heads/main refs/remotes/main [7ms]
2025-08-30 22:03:37.337 [info] > git config --get commit.template [52ms]
2025-08-30 22:03:37.451 [info] > git for-each-ref --sort -committerdate --format %(refname)%00%(objectname)%00%(*objectname) [22ms]
2025-08-30 22:03:37.490 [info] > git status -z -uall [123ms]
2025-08-30 22:03:42.556 [info] > git config --get commit.template [15ms]
2025-08-30 22:03:42.558 [info] > git for-each-ref --format=%(refname)%00%(upstream:short)%00%(objectname)%00%(upstream:track)%00%(upstream:remotename)%00%(upstream:remoteref) refs/heads/main refs/remotes/main [4ms]
2025-08-30 22:03:42.584 [info] > git for-each-ref --sort -committerdate --format %(refname)%00%(objectname)%00%(*objectname) [3ms]
2025-08-30 22:03:42.610 [info] > git status -z -uall [41ms]
2025-08-30 22:05:07.997 [info] > git config --get commit.template [40ms]
2025-08-30 22:05:08.002 [info] > git for-each-ref --format=%(refname)%00%(upstream:short)%00%(objectname)%00%(upstream:track)%00%(upstream:remotename)%00%(upstream:remoteref) refs/heads/main refs/remotes/main [15ms]
2025-08-30 22:05:08.046 [info] > git for-each-ref --sort -committerdate --format %(refname)%00%(objectname)%00%(*objectname) [6ms]
2025-08-30 22:05:08.078 [info] > git status -z -uall [61ms]
2025-08-30 22:05:13.107 [info] > git config --get commit.template [4ms]
2025-08-30 22:05:13.118 [info] > git for-each-ref --format=%(refname)%00%(upstream:short)%00%(objectname)%00%(upstream:track)%00%(upstream:remotename)%00%(upstream:remoteref) refs/heads/main refs/remotes/main [3ms]
2025-08-30 22:05:13.151 [info] > git for-each-ref --sort -committerdate --format %(refname)%00%(objectname)%00%(*objectname) [8ms]
2025-08-30 22:05:13.175 [info] > git status -z -uall [47ms]
2025-08-30 22:05:18.214 [info] > git config --get commit.template [13ms]
2025-08-30 22:05:18.215 [info] > git for-each-ref --format=%(refname)%00%(upstream:short)%00%(objectname)%00%(upstream:track)%00%(upstream:remotename)%00%(upstream:remoteref) refs/heads/main refs/remotes/main [4ms]
2025-08-30 22:05:18.240 [info] > git for-each-ref --sort -committerdate --format %(refname)%00%(objectname)%00%(*objectname) [4ms]
2025-08-30 22:05:18.262 [info] > git status -z -uall [38ms]
2025-08-30 22:05:37.159 [info] > git config --get commit.template [71ms]
2025-08-30 22:05:37.163 [info] > git for-each-ref --format=%(refname)%00%(upstream:short)%00%(objectname)%00%(upstream:track)%00%(upstream:remotename)%00%(upstream:remoteref) refs/heads/main refs/remotes/main [19ms]
2025-08-30 22:05:37.231 [info] > git for-each-ref --sort -committerdate --format %(refname)%00%(objectname)%00%(*objectname) [10ms]
2025-08-30 22:05:37.277 [info] > git status -z -uall [91ms]
2025-08-30 22:05:42.347 [info] > git for-each-ref --format=%(refname)%00%(upstream:short)%00%(objectname)%00%(upstream:track)%00%(upstream:remotename)%00%(upstream:remoteref) refs/heads/main refs/remotes/main [10ms]
2025-08-30 22:05:42.349 [info] > git config --get commit.template [3ms]
2025-08-30 22:05:42.380 [info] > git for-each-ref --sort -committerdate --format %(refname)%00%(objectname)%00%(*objectname) [4ms]
2025-08-30 22:05:42.397 [info] > git status -z -uall [38ms]
2025-08-30 22:06:15.616 [info] > git config --get commit.template [28ms]
2025-08-30 22:06:15.625 [info] > git for-each-ref --format=%(refname)%00%(upstream:short)%00%(objectname)%00%(upstream:track)%00%(upstream:remotename)%00%(upstream:remoteref) refs/heads/main refs/remotes/main [14ms]
2025-08-30 22:06:15.663 [info] > git for-each-ref --sort -committerdate --format %(refname)%00%(objectname)%00%(*objectname) [6ms]
2025-08-30 22:06:15.686 [info] > git status -z -uall [47ms]
2025-08-30 22:06:20.741 [info] > git config --get commit.template [22ms]
2025-08-30 22:06:20.743 [info] > git for-each-ref --format=%(refname)%00%(upstream:short)%00%(objectname)%00%(upstream:track)%00%(upstream:remotename)%00%(upstream:remoteref) refs/heads/main refs/remotes/main [3ms]
2025-08-30 22:06:20.768 [info] > git for-each-ref --sort -committerdate --format %(refname)%00%(objectname)%00%(*objectname) [6ms]
2025-08-30 22:06:20.788 [info] > git status -z -uall [37ms]
2025-08-30 22:06:23.867 [info] > git check-ignore -v -z --stdin [3ms]
2025-08-30 22:06:25.827 [info] > git config --get commit.template [8ms]
2025-08-30 22:06:25.841 [info] > git for-each-ref --format=%(refname)%00%(upstream:short)%00%(objectname)%00%(upstream:track)%00%(upstream:remotename)%00%(upstream:remoteref) refs/heads/main refs/remotes/main [2ms]
2025-08-30 22:06:25.885 [info] > git for-each-ref --sort -committerdate --format %(refname)%00%(objectname)%00%(*objectname) [9ms]
2025-08-30 22:06:25.912 [info] > git status -z -uall [59ms]
2025-08-30 22:06:47.032 [info] > git config --get commit.template [6ms]
2025-08-30 22:06:47.058 [info] > git for-each-ref --format=%(refname)%00%(upstream:short)%00%(objectname)%00%(upstream:track)%00%(upstream:remotename)%00%(upstream:remoteref) refs/heads/main refs/remotes/main [10ms]
2025-08-30 22:06:47.142 [info] > git for-each-ref --sort -committerdate --format %(refname)%00%(objectname)%00%(*objectname) [14ms]
2025-08-30 22:06:47.215 [info] > git status -z -uall [125ms]
2025-08-30 22:06:52.293 [info] > git config --get commit.template [31ms]
2025-08-30 22:06:52.299 [info] > git for-each-ref --format=%(refname)%00%(upstream:short)%00%(objectname)%00%(upstream:track)%00%(upstream:remotename)%00%(upstream:remoteref) refs/heads/main refs/remotes/main [9ms]
2025-08-30 22:06:52.344 [info] > git for-each-ref --sort -committerdate --format %(refname)%00%(objectname)%00%(*objectname) [9ms]
2025-08-30 22:06:52.377 [info] > git status -z -uall [62ms]
2025-08-30 22:07:10.527 [info] > git config --get commit.template [22ms]
2025-08-30 22:07:10.530 [info] > git for-each-ref --format=%(refname)%00%(upstream:short)%00%(objectname)%00%(upstream:track)%00%(upstream:remotename)%00%(upstream:remoteref) refs/heads/main refs/remotes/main [4ms]
2025-08-30 22:07:10.557 [info] > git for-each-ref --sort -committerdate --format %(refname)%00%(objectname)%00%(*objectname) [6ms]
2025-08-30 22:07:10.575 [info] > git status -z -uall [34ms]
2025-08-30 22:07:21.886 [info] > git config --get commit.template [11ms]
2025-08-30 22:07:21.896 [info] > git for-each-ref --format=%(refname)%00%(upstream:short)%00%(objectname)%00%(upstream:track)%00%(upstream:remotename)%00%(upstream:remoteref) refs/heads/main refs/remotes/main [11ms]
2025-08-30 22:07:21.955 [info] > git for-each-ref --sort -committerdate --format %(refname)%00%(objectname)%00%(*objectname) [9ms]
2025-08-30 22:07:21.991 [info] > git status -z -uall [74ms]
2025-08-30 22:08:14.327 [info] > git for-each-ref --format=%(refname)%00%(upstream:short)%00%(objectname)%00%(upstream:track)%00%(upstream:remotename)%00%(upstream:remoteref) refs/heads/main refs/remotes/main [13ms]
2025-08-30 22:08:14.334 [info] > git config --get commit.template [56ms]
2025-08-30 22:08:14.387 [info] > git for-each-ref --sort -committerdate --format %(refname)%00%(objectname)%00%(*objectname) [8ms]
2025-08-30 22:08:14.475 [info] > git status -z -uall [117ms]
2025-08-30 22:08:19.041 [info] > git check-ignore -v -z --stdin [9ms]
2025-08-30 22:08:19.554 [info] > git config --get commit.template [22ms]
2025-08-30 22:08:19.560 [info] > git for-each-ref --format=%(refname)%00%(upstream:short)%00%(objectname)%00%(upstream:track)%00%(upstream:remotename)%00%(upstream:remoteref) refs/heads/main refs/remotes/main [10ms]
2025-08-30 22:08:19.656 [info] > git for-each-ref --sort -committerdate --format %(refname)%00%(objectname)%00%(*objectname) [12ms]
2025-08-30 22:08:19.704 [info] > git status -z -uall [109ms]
2025-08-30 22:08:35.508 [info] > git config --get commit.template [54ms]
2025-08-30 22:08:35.515 [info] > git for-each-ref --format=%(refname)%00%(upstream:short)%00%(objectname)%00%(upstream:track)%00%(upstream:remotename)%00%(upstream:remoteref) refs/heads/main refs/remotes/main [8ms]
2025-08-30 22:08:35.613 [info] > git for-each-ref --sort -committerdate --format %(refname)%00%(objectname)%00%(*objectname) [11ms]
2025-08-30 22:08:35.722 [info] > git status -z -uall [171ms]
2025-08-30 22:08:40.828 [info] > git config --get commit.template [17ms]
2025-08-30 22:08:40.830 [info] > git for-each-ref --format=%(refname)%00%(upstream:short)%00%(objectname)%00%(upstream:track)%00%(upstream:remotename)%00%(upstream:remoteref) refs/heads/main refs/remotes/main [6ms]
2025-08-30 22:08:40.854 [info] > git for-each-ref --sort -committerdate --format %(refname)%00%(objectname)%00%(*objectname) [5ms]
2025-08-30 22:08:40.872 [info] > git status -z -uall [34ms]
2025-08-30 22:08:59.498 [info] > git config --get commit.template [3ms]
2025-08-30 22:08:59.561 [info] > git for-each-ref --format=%(refname)%00%(upstream:short)%00%(objectname)%00%(upstream:track)%00%(upstream:remotename)%00%(upstream:remoteref) refs/heads/main refs/remotes/main [13ms]
2025-08-30 22:08:59.724 [info] > git for-each-ref --sort -committerdate --format %(refname)%00%(objectname)%00%(*objectname) [15ms]
2025-08-30 22:08:59.778 [info] > git status -z -uall [150ms]
2025-08-30 22:09:04.830 [info] > git config --get commit.template [9ms]
2025-08-30 22:09:04.856 [info] > git for-each-ref --format=%(refname)%00%(upstream:short)%00%(objectname)%00%(upstream:track)%00%(upstream:remotename)%00%(upstream:remoteref) refs/heads/main refs/remotes/main [9ms]
2025-08-30 22:09:04.900 [info] > git for-each-ref --sort -committerdate --format %(refname)%00%(objectname)%00%(*objectname) [3ms]
2025-08-30 22:09:04.920 [info] > git status -z -uall [44ms]
2025-08-30 22:09:16.707 [info] > git config --get commit.template [13ms]
2025-08-30 22:09:16.762 [info] > git for-each-ref --format=%(refname)%00%(upstream:short)%00%(objectname)%00%(upstream:track)%00%(upstream:remotename)%00%(upstream:remoteref) refs/heads/main refs/remotes/main [19ms]
2025-08-30 22:09:16.920 [info] > git for-each-ref --sort -committerdate --format %(refname)%00%(objectname)%00%(*objectname) [19ms]
2025-08-30 22:09:16.945 [info] > git status -z -uall [104ms]
2025-08-30 22:09:21.982 [info] > git config --get commit.template [12ms]
2025-08-30 22:09:21.989 [info] > git for-each-ref --format=%(refname)%00%(upstream:short)%00%(objectname)%00%(upstream:track)%00%(upstream:remotename)%00%(upstream:remoteref) refs/heads/main refs/remotes/main [9ms]
2025-08-30 22:09:22.015 [info] > git for-each-ref --sort -committerdate --format %(refname)%00%(objectname)%00%(*objectname) [7ms]
2025-08-30 22:09:22.058 [info] > git status -z -uall [60ms]
2025-08-30 22:10:46.562 [info] > git config --get commit.template [33ms]
2025-08-30 22:10:46.649 [info] > git for-each-ref --format=%(refname)%00%(upstream:short)%00%(objectname)%00%(upstream:track)%00%(upstream:remotename)%00%(upstream:remoteref) refs/heads/main refs/remotes/main [35ms]
2025-08-30 22:10:46.821 [info] > git for-each-ref --sort -committerdate --format %(refname)%00%(objectname)%00%(*objectname) [27ms]
2025-08-30 22:10:46.884 [info] > git status -z -uall [159ms]
2025-08-30 22:10:51.954 [info] > git config --get commit.template [7ms]
2025-08-30 22:10:51.976 [info] > git for-each-ref --format=%(refname)%00%(upstream:short)%00%(objectname)%00%(upstream:track)%00%(upstream:remotename)%00%(upstream:remoteref) refs/heads/main refs/remotes/main [6ms]
2025-08-30 22:10:52.023 [info] > git for-each-ref --sort -committerdate --format %(refname)%00%(objectname)%00%(*objectname) [10ms]
2025-08-30 22:10:52.051 [info] > git status -z -uall [61ms]
2025-08-30 22:10:57.072 [info] > git config --get commit.template [2ms]
2025-08-30 22:10:57.085 [info] > git for-each-ref --format=%(refname)%00%(upstream:short)%00%(objectname)%00%(upstream:track)%00%(upstream:remotename)%00%(upstream:remoteref) refs/heads/main refs/remotes/main [3ms]
2025-08-30 22:10:57.112 [info] > git for-each-ref --sort -committerdate --format %(refname)%00%(objectname)%00%(*objectname) [4ms]
2025-08-30 22:10:57.138 [info] > git status -z -uall [44ms]
2025-08-30 22:11:06.494 [info] > git config --get commit.template [8ms]
2025-08-30 22:11:06.521 [info] > git for-each-ref --format=%(refname)%00%(upstream:short)%00%(objectname)%00%(upstream:track)%00%(upstream:remotename)%00%(upstream:remoteref) refs/heads/main refs/remotes/main [9ms]
2025-08-30 22:11:06.588 [info] > git for-each-ref --sort -committerdate --format %(refname)%00%(objectname)%00%(*objectname) [2ms]
2025-08-30 22:11:06.626 [info] > git status -z -uall [76ms]
2025-08-30 22:11:17.034 [info] > git config --get commit.template [39ms]
2025-08-30 22:11:17.047 [info] > git for-each-ref --format=%(refname)%00%(upstream:short)%00%(objectname)%00%(upstream:track)%00%(upstream:remotename)%00%(upstream:remoteref) refs/heads/main refs/remotes/main [16ms]
2025-08-30 22:11:17.107 [info] > git for-each-ref --sort -committerdate --format %(refname)%00%(objectname)%00%(*objectname) [9ms]
2025-08-30 22:11:17.137 [info] > git status -z -uall [71ms]
2025-08-30 22:11:22.202 [info] > git config --get commit.template [19ms]
2025-08-30 22:11:22.208 [info] > git for-each-ref --format=%(refname)%00%(upstream:short)%00%(objectname)%00%(upstream:track)%00%(upstream:remotename)%00%(upstream:remoteref) refs/heads/main refs/remotes/main [9ms]
2025-08-30 22:11:22.235 [info] > git for-each-ref --sort -committerdate --format %(refname)%00%(objectname)%00%(*objectname) [1ms]
2025-08-30 22:11:22.261 [info] > git status -z -uall [42ms]
2025-08-30 22:11:33.165 [info] > git config --get commit.template [39ms]
2025-08-30 22:11:33.179 [info] > git for-each-ref --format=%(refname)%00%(upstream:short)%00%(objectname)%00%(upstream:track)%00%(upstream:remotename)%00%(upstream:remoteref) refs/heads/main refs/remotes/main [14ms]
2025-08-30 22:11:33.263 [info] > git for-each-ref --sort -committerdate --format %(refname)%00%(objectname)%00%(*objectname) [15ms]
2025-08-30 22:11:33.338 [info] > git status -z -uall [129ms]
2025-08-30 22:11:38.403 [info] > git config --get commit.template [26ms]
2025-08-30 22:11:38.409 [info] > git for-each-ref --format=%(refname)%00%(upstream:short)%00%(objectname)%00%(upstream:track)%00%(upstream:remotename)%00%(upstream:remoteref) refs/heads/main refs/remotes/main [10ms]
2025-08-30 22:11:38.443 [info] > git for-each-ref --sort -committerdate --format %(refname)%00%(objectname)%00%(*objectname) [4ms]
2025-08-30 22:11:38.461 [info] > git status -z -uall [35ms]
2025-08-30 22:11:43.529 [info] > git config --get commit.template [4ms]
2025-08-30 22:11:43.566 [info] > git for-each-ref --format=%(refname)%00%(upstream:short)%00%(objectname)%00%(upstream:track)%00%(upstream:remotename)%00%(upstream:remoteref) refs/heads/main refs/remotes/main [10ms]
2025-08-30 22:11:43.606 [info] > git for-each-ref --sort -committerdate --format %(refname)%00%(objectname)%00%(*objectname) [7ms]
2025-08-30 22:11:43.637 [info] > git status -z -uall [51ms]
2025-08-30 22:12:13.373 [info] > git config --get commit.template [5ms]
2025-08-30 22:12:13.421 [info] > git for-each-ref --format=%(refname)%00%(upstream:short)%00%(objectname)%00%(upstream:track)%00%(upstream:remotename)%00%(upstream:remoteref) refs/heads/main refs/remotes/main [25ms]
2025-08-30 22:12:13.527 [info] > git for-each-ref --sort -committerdate --format %(refname)%00%(objectname)%00%(*objectname) [17ms]
2025-08-30 22:12:13.605 [info] > git status -z -uall [118ms]
2025-08-30 22:12:18.638 [info] > git config --get commit.template [3ms]
2025-08-30 22:12:18.646 [info] [Git][getRemotes] No remotes found in the git config file
2025-08-30 22:12:18.649 [info] > git for-each-ref --format=%(refname)%00%(upstream:short)%00%(objectname)%00%(upstream:track)%00%(upstream:remotename)%00%(upstream:remoteref) refs/heads/main refs/remotes/main [3ms]
2025-08-30 22:12:18.678 [info] > git for-each-ref --sort -committerdate --format %(refname)%00%(objectname)%00%(*objectname) [9ms]
2025-08-30 22:12:18.699 [info] > git status -z -uall [41ms]
2025-08-30 22:12:23.726 [info] [Git][getRemotes] No remotes found in the git config file
2025-08-30 22:12:23.737 [info] > git config --get commit.template [11ms]
2025-08-30 22:12:23.741 [info] > git for-each-ref --format=%(refname)%00%(upstream:short)%00%(objectname)%00%(upstream:track)%00%(upstream:remotename)%00%(upstream:remoteref) refs/heads/main refs/remotes/main [6ms]
2025-08-30 22:12:23.764 [info] > git for-each-ref --sort -committerdate --format %(refname)%00%(objectname)%00%(*objectname) [5ms]
2025-08-30 22:12:23.786 [info] > git status -z -uall [38ms]
2025-08-30 22:12:29.249 [info] > git config --get commit.template [32ms]
2025-08-30 22:12:29.258 [info] > git for-each-ref --format=%(refname)%00%(upstream:short)%00%(objectname)%00%(upstream:track)%00%(upstream:remotename)%00%(upstream:remoteref) refs/heads/main refs/remotes/main [16ms]
2025-08-30 22:12:29.322 [info] > git for-each-ref --sort -committerdate --format %(refname)%00%(objectname)%00%(*objectname) [14ms]
2025-08-30 22:12:29.340 [info] > git status -z -uall [64ms]
2025-08-30 22:12:36.277 [info] > git config --get commit.template [9ms]
2025-08-30 22:12:36.317 [info] > git for-each-ref --format=%(refname)%00%(upstream:short)%00%(objectname)%00%(upstream:track)%00%(upstream:remotename)%00%(upstream:remoteref) refs/heads/main refs/remotes/main [15ms]
2025-08-30 22:12:36.497 [info] > git for-each-ref --sort -committerdate --format %(refname)%00%(objectname)%00%(*objectname) [24ms]
2025-08-30 22:12:36.529 [info] > git status -z -uall [189ms]
2025-08-30 22:12:41.597 [info] > git config --get commit.template [23ms]
2025-08-30 22:12:41.602 [info] > git for-each-ref --format=%(refname)%00%(upstream:short)%00%(objectname)%00%(upstream:track)%00%(upstream:remotename)%00%(upstream:remoteref) refs/heads/main refs/remotes/main [7ms]
2025-08-30 22:12:41.648 [info] > git for-each-ref --sort -committerdate --format %(refname)%00%(objectname)%00%(*objectname) [10ms]
2025-08-30 22:12:41.679 [info] > git status -z -uall [62ms]
2025-08-30 22:13:11.426 [info] > git config --get commit.template [32ms]
2025-08-30 22:13:11.440 [info] > git for-each-ref --format=%(refname)%00%(upstream:short)%00%(objectname)%00%(upstream:track)%00%(upstream:remotename)%00%(upstream:remoteref) refs/heads/main refs/remotes/main [21ms]
2025-08-30 22:13:11.494 [info] > git for-each-ref --sort -committerdate --format %(refname)%00%(objectname)%00%(*objectname) [3ms]
2025-08-30 22:13:11.513 [info] > git status -z -uall [45ms]
2025-08-30 22:13:16.575 [info] > git config --get commit.template [18ms]
2025-08-30 22:13:16.578 [info] > git for-each-ref --format=%(refname)%00%(upstream:short)%00%(objectname)%00%(upstream:track)%00%(upstream:remotename)%00%(upstream:remoteref) refs/heads/main refs/remotes/main [4ms]
2025-08-30 22:13:16.604 [info] > git for-each-ref --sort -committerdate --format %(refname)%00%(objectname)%00%(*objectname) [7ms]
2025-08-30 22:13:16.627 [info] > git status -z -uall [41ms]
2025-08-30 22:13:44.417 [info] > git config --get commit.template [13ms]
2025-08-30 22:13:44.469 [info] > git for-each-ref --format=%(refname)%00%(upstream:short)%00%(objectname)%00%(upstream:track)%00%(upstream:remotename)%00%(upstream:remoteref) refs/heads/main refs/remotes/main [19ms]
2025-08-30 22:13:44.523 [info] > git for-each-ref --sort -committerdate --format %(refname)%00%(objectname)%00%(*objectname) [8ms]
2025-08-30 22:13:44.610 [info] > git status -z -uall [120ms]
2025-08-30 22:13:49.662 [info] > git config --get commit.template [10ms]
2025-08-30 22:13:49.664 [info] > git for-each-ref --format=%(refname)%00%(upstream:short)%00%(objectname)%00%(upstream:track)%00%(upstream:remotename)%00%(upstream:remoteref) refs/heads/main refs/remotes/main [3ms]
2025-08-30 22:13:49.687 [info] > git for-each-ref --sort -committerdate --format %(refname)%00%(objectname)%00%(*objectname) [5ms]
2025-08-30 22:13:49.698 [info] > git status -z -uall [26ms]
2025-08-30 22:14:07.436 [info] > git config --get commit.template [19ms]
2025-08-30 22:14:07.443 [info] > git for-each-ref --format=%(refname)%00%(upstream:short)%00%(objectname)%00%(upstream:track)%00%(upstream:remotename)%00%(upstream:remoteref) refs/heads/main refs/remotes/main [11ms]
2025-08-30 22:14:07.525 [info] > git for-each-ref --sort -committerdate --format %(refname)%00%(objectname)%00%(*objectname) [14ms]
2025-08-30 22:14:07.547 [info] > git status -z -uall [81ms]
2025-08-30 22:14:12.629 [info] > git config --get commit.template [25ms]
2025-08-30 22:14:12.631 [info] > git for-each-ref --format=%(refname)%00%(upstream:short)%00%(objectname)%00%(upstream:track)%00%(upstream:remotename)%00%(upstream:remoteref) refs/heads/main refs/remotes/main [7ms]
2025-08-30 22:14:12.656 [info] > git for-each-ref --sort -committerdate --format %(refname)%00%(objectname)%00%(*objectname) [3ms]
2025-08-30 22:14:12.670 [info] > git status -z -uall [29ms]
2025-08-30 22:15:10.636 [info] > git config --get commit.template [34ms]
2025-08-30 22:15:10.643 [info] > git for-each-ref --format=%(refname)%00%(upstream:short)%00%(objectname)%00%(upstream:track)%00%(upstream:remotename)%00%(upstream:remoteref) refs/heads/main refs/remotes/main [8ms]
2025-08-30 22:15:10.770 [info] > git for-each-ref --sort -committerdate --format %(refname)%00%(objectname)%00%(*objectname) [92ms]
2025-08-30 22:15:10.785 [info] > git status -z -uall [125ms]
2025-08-30 22:15:16.450 [info] > git config --get commit.template [30ms]
2025-08-30 22:15:16.453 [info] > git for-each-ref --format=%(refname)%00%(upstream:short)%00%(objectname)%00%(upstream:track)%00%(upstream:remotename)%00%(upstream:remoteref) refs/heads/main refs/remotes/main [7ms]
2025-08-30 22:15:16.475 [info] > git for-each-ref --sort -committerdate --format %(refname)%00%(objectname)%00%(*objectname) [5ms]
2025-08-30 22:15:16.489 [info] > git status -z -uall [28ms]
2025-08-30 22:20:11.699 [info] > git config --get commit.template [4ms]
2025-08-30 22:20:11.725 [info] > git for-each-ref --format=%(refname)%00%(upstream:short)%00%(objectname)%00%(upstream:track)%00%(upstream:remotename)%00%(upstream:remoteref) refs/heads/main refs/remotes/main [8ms]
2025-08-30 22:20:11.809 [info] > git status -z -uall [70ms]
2025-08-30 22:20:11.826 [info] > git for-each-ref --sort -committerdate --format %(refname)%00%(objectname)%00%(*objectname) [37ms]
2025-08-30 22:20:16.890 [info] > git config --get commit.template [21ms]
2025-08-30 22:20:16.923 [info] > git for-each-ref --format=%(refname)%00%(upstream:short)%00%(objectname)%00%(upstream:track)%00%(upstream:remotename)%00%(upstream:remoteref) refs/heads/main refs/remotes/main [7ms]
2025-08-30 22:20:16.987 [info] > git for-each-ref --sort -committerdate --format %(refname)%00%(objectname)%00%(*objectname) [9ms]
2025-08-30 22:20:17.026 [info] > git status -z -uall [75ms]
2025-08-30 22:20:32.013 [info] > git config --get commit.template [37ms]
2025-08-30 22:20:32.014 [info] > git for-each-ref --format=%(refname)%00%(upstream:short)%00%(objectname)%00%(upstream:track)%00%(upstream:remotename)%00%(upstream:remoteref) refs/heads/main refs/remotes/main [5ms]
2025-08-30 22:20:32.047 [info] > git for-each-ref --sort -committerdate --format %(refname)%00%(objectname)%00%(*objectname) [6ms]
2025-08-30 22:20:32.067 [info] > git status -z -uall [43ms]
2025-08-30 22:20:37.108 [info] > git config --get commit.template [13ms]
2025-08-30 22:20:37.125 [info] > git for-each-ref --format=%(refname)%00%(upstream:short)%00%(objectname)%00%(upstream:track)%00%(upstream:remotename)%00%(upstream:remoteref) refs/heads/main refs/remotes/main [3ms]
2025-08-30 22:20:37.160 [info] > git for-each-ref --sort -committerdate --format %(refname)%00%(objectname)%00%(*objectname) [1ms]
2025-08-30 22:20:37.173 [info] > git status -z -uall [35ms]
2025-08-30 22:20:48.627 [info] > git config --get commit.template [44ms]
2025-08-30 22:20:48.659 [info] > git for-each-ref --format=%(refname)%00%(upstream:short)%00%(objectname)%00%(upstream:track)%00%(upstream:remotename)%00%(upstream:remoteref) refs/heads/main refs/remotes/main [34ms]
2025-08-30 22:20:48.783 [info] > git status -z -uall [91ms]
2025-08-30 22:20:48.790 [info] > git for-each-ref --sort -committerdate --format %(refname)%00%(objectname)%00%(*objectname) [21ms]
