2025-08-30 21:17:19.785 [info] Reading sessions from keychain...
2025-08-30 21:17:19.785 [info] Getting sessions for all scopes...
2025-08-30 21:17:21.385 [info] Got stored sessions!
2025-08-30 21:17:21.386 [info] Got 1 verified sessions.
2025-08-30 21:17:21.386 [info] Got 1 sessions for ...
2025-08-30 21:17:21.386 [info] Getting sessions for all scopes...
2025-08-30 21:17:21.386 [info] Got 1 sessions for ...
2025-08-30 21:17:21.386 [info] Getting sessions for all scopes...
2025-08-30 21:17:21.386 [info] Got 1 sessions for ...
2025-08-30 21:17:21.391 [info] Getting sessions for all scopes...
2025-08-30 21:17:21.391 [info] Got 1 sessions for ...
2025-08-30 21:17:21.391 [info] Getting sessions for all scopes...
2025-08-30 21:17:21.391 [info] Got 1 sessions for ...
2025-08-30 21:17:21.391 [info] Getting sessions for all scopes...
2025-08-30 21:17:21.391 [info] Got 1 sessions for ...
2025-08-30 21:17:21.392 [info] Getting sessions for all scopes...
2025-08-30 21:17:21.392 [info] Got 1 sessions for ...
2025-08-30 21:17:21.928 [info] Getting sessions for all scopes...
2025-08-30 21:17:21.928 [info] Got 1 sessions for ...
2025-08-30 21:17:21.929 [info] Getting sessions for all scopes...
2025-08-30 21:17:21.929 [info] Got 1 sessions for ...
2025-08-30 21:17:21.930 [info] Getting sessions for all scopes...
2025-08-30 21:17:21.930 [info] Got 1 sessions for ...
2025-08-30 21:17:21.932 [info] Getting sessions for all scopes...
2025-08-30 21:17:21.932 [info] Got 1 sessions for ...
2025-08-30 21:17:21.933 [info] Getting sessions for all scopes...
2025-08-30 21:17:21.933 [info] Got 1 sessions for ...
2025-08-30 21:17:21.934 [info] Getting sessions for all scopes...
2025-08-30 21:17:21.934 [info] Got 1 sessions for ...
2025-08-30 21:17:23.397 [info] Getting sessions for all scopes...
2025-08-30 21:17:23.397 [info] Got 1 sessions for ...
2025-08-30 21:17:25.352 [info] Getting sessions for all scopes...
2025-08-30 21:17:25.352 [info] Got 1 sessions for ...
2025-08-30 21:17:26.308 [info] Getting sessions for all scopes...
2025-08-30 21:17:26.308 [info] Got 1 sessions for ...
2025-08-30 21:17:26.309 [info] Getting sessions for all scopes...
2025-08-30 21:17:26.310 [info] Got 1 sessions for ...
2025-08-30 21:17:26.329 [info] Getting sessions for all scopes...
2025-08-30 21:17:26.329 [info] Got 1 sessions for ...
2025-08-30 21:22:56.643 [info] Getting sessions for read:user,repo,user:email,workflow...
2025-08-30 21:22:56.644 [info] Got 1 sessions for read:user,repo,user:email,workflow...
2025-08-30 21:41:33.328 [info] Getting sessions for read:user,repo,user:email,workflow...
2025-08-30 21:41:33.329 [info] Got 1 sessions for read:user,repo,user:email,workflow...
