2025-08-30 21:17:12.129 [info] Reading sessions from keychain...
2025-08-30 21:17:12.129 [info] Getting sessions for all scopes...
2025-08-30 21:17:12.129 [info] Got stored sessions!
2025-08-30 21:17:12.129 [info] Got 1 verified sessions.
2025-08-30 21:17:12.129 [info] Got 1 sessions for ...
2025-08-30 21:17:12.129 [info] Getting sessions for all scopes...
2025-08-30 21:17:12.129 [info] Got 1 sessions for ...
2025-08-30 21:17:12.129 [info] Getting sessions for all scopes...
2025-08-30 21:17:12.129 [info] Got 1 sessions for ...
2025-08-30 21:17:12.129 [info] Getting sessions for all scopes...
2025-08-30 21:17:12.129 [info] Got 1 sessions for ...
2025-08-30 21:17:12.145 [info] Getting sessions for all scopes...
2025-08-30 21:17:12.145 [info] Got 1 sessions for ...
2025-08-30 21:17:12.152 [info] Getting sessions for all scopes...
2025-08-30 21:17:12.152 [info] Got 1 sessions for ...
2025-08-30 21:17:12.153 [info] Getting sessions for all scopes...
2025-08-30 21:17:12.153 [info] Got 1 sessions for ...
2025-08-30 21:17:12.159 [info] Getting sessions for all scopes...
2025-08-30 21:17:12.159 [info] Got 1 sessions for ...
2025-08-30 21:17:12.159 [info] Getting sessions for all scopes...
2025-08-30 21:17:12.160 [info] Got 1 sessions for ...
2025-08-30 21:17:12.171 [info] Getting sessions for all scopes...
2025-08-30 21:17:12.171 [info] Got 1 sessions for ...
2025-08-30 21:17:12.181 [info] Getting sessions for all scopes...
2025-08-30 21:17:12.181 [info] Got 1 sessions for ...
2025-08-30 21:17:12.184 [info] Getting sessions for all scopes...
2025-08-30 21:17:12.184 [info] Got 1 sessions for ...
2025-08-30 21:17:12.185 [info] Getting sessions for all scopes...
2025-08-30 21:17:12.185 [info] Got 1 sessions for ...
2025-08-30 21:17:12.185 [info] Getting sessions for all scopes...
2025-08-30 21:17:12.185 [info] Got 1 sessions for ...
2025-08-30 21:17:12.192 [info] Getting sessions for all scopes...
2025-08-30 21:17:12.192 [info] Got 1 sessions for ...
2025-08-30 21:17:13.013 [info] Getting sessions for all scopes...
2025-08-30 21:17:13.013 [info] Got 1 sessions for ...
2025-08-30 21:17:15.901 [info] Getting sessions for all scopes...
2025-08-30 21:17:15.901 [info] Got 1 sessions for ...
2025-08-30 21:17:15.921 [info] Getting sessions for all scopes...
2025-08-30 21:17:15.921 [info] Got 1 sessions for ...
2025-08-30 21:17:15.922 [info] Getting sessions for all scopes...
2025-08-30 21:17:15.922 [info] Got 1 sessions for ...
